4160 7688 2021-02-15 22:41:19,185 INFO konu okunduhaluk konu_okuma
4816 1520 2021-02-15 22:43:19,977 INFO konu okundu haluk konu_okuma
13336 5344 2021-02-15 23:09:39,724 INFO konu okundu haluk konu_okuma
12708 1928 2021-02-15 23:16:18,849 INFO konu okundu haluk konu_okuma
9500 7416 2021-02-16 00:30:17,769 INFO konu okundu haluk konu_okuma
15640 17712 2021-02-16 00:49:45,497 INFO konu okundu haluk konu_okuma
14276 3300 2021-02-16 01:18:27,393 INFO konu okundu haluk konu_okuma
14276 3300 2021-02-16 01:19:20,470 INFO konu okundu haluk konu_okuma
14276 3300 2021-02-16 01:19:24,987 INFO konu okundu haluk konu_okuma
14276 7268 2021-02-16 01:51:48,456 INFO konu okundu haluk konu_okuma
14276 7268 2021-02-16 01:52:04,650 INFO konu okundu haluk konu_okuma
16160 10984 2021-02-17 01:09:31,335 INFO konu okundu haluk konu_okuma
16160 13628 2021-02-17 01:18:10,647 INFO konu okundu haluk konu_okuma
16160 13628 2021-02-17 01:18:17,577 INFO konu okundu haluk konu_okuma
16160 13628 2021-02-17 01:18:59,829 INFO konu okundu haluk konu_okuma
16160 13628 2021-02-17 01:23:40,927 INFO konu okundu haluk konu_okuma
16160 13628 2021-02-17 01:27:15,617 INFO konu okundu haluk konu_okuma
16160 13628 2021-02-17 01:27:53,577 INFO konu okundu haluk konu_okuma
16160 13628 2021-02-17 01:28:00,379 INFO konu okundu haluk konu_okuma
16160 13628 2021-02-17 01:28:29,412 INFO konu okundu haluk konu_okuma
16160 13628 2021-02-17 01:28:33,579 INFO konu okundu haluk konu_okuma
16160 13628 2021-02-17 01:28:38,099 INFO konu okundu haluk konu_okuma
16160 13628 2021-02-17 01:28:42,170 INFO konu okundu haluk konu_okuma
16160 13628 2021-02-17 01:28:43,111 INFO konu okundu haluk konu_okuma
16160 10528 2021-02-17 01:38:10,751 INFO konu okundu haluk konu_okuma
16160 10528 2021-02-17 01:43:35,381 INFO konu okundu haluk konu_okuma
9272 11992 2021-02-21 00:43:10,060 INFO konu okundu haluk konu_okuma
17968 8124 2021-02-21 00:53:19,786 INFO konu okundu haluk konu_okuma
17968 8124 2021-02-21 00:53:22,037 INFO konu okundu haluk konu_okuma
17968 8124 2021-02-21 00:53:36,364 INFO konu okundu haluk konu_okuma
17968 8124 2021-02-21 00:53:39,528 INFO konu okundu haluk konu_okuma
17968 8124 2021-02-21 00:53:52,676 INFO konu okundu haluk konu_okuma
17968 8124 2021-02-21 00:54:12,129 INFO konu okundu haluk konu_okuma
17968 8124 2021-02-21 00:54:38,369 INFO konu okundu haluk konu_okuma
4076 12100 2021-02-21 00:55:13,150 INFO konu okundu haluk konu_okuma
4076 12100 2021-02-21 01:00:48,544 INFO konu okundu haluk konu_okuma
11068 17320 2021-02-21 01:01:42,975 INFO konu okundu haluk konu_okuma
11068 17320 2021-02-21 01:01:50,346 INFO konu okundu haluk konu_okuma
11068 17320 2021-02-21 01:01:52,391 INFO konu okundu haluk konu_okuma
11068 17320 2021-02-21 01:01:55,323 INFO konu okundu haluk konu_okuma
11068 17320 2021-02-21 01:01:57,639 INFO konu okundu haluk konu_okuma
11068 17320 2021-02-21 01:01:59,755 INFO konu okundu haluk konu_okuma
11068 12204 2021-02-21 03:17:47,694 INFO konu okundu haluk konu_okuma
11068 12204 2021-02-21 03:17:56,742 INFO konu okundu haluk konu_okuma
11068 12204 2021-02-21 03:17:59,592 INFO konu okundu haluk konu_okuma
11068 12204 2021-02-21 03:19:15,449 INFO konu okundu haluk konu_okuma
11068 12204 2021-02-21 03:19:36,068 INFO konu okundu haluk konu_okuma
11068 12204 2021-02-21 03:19:41,519 INFO konu okundu haluk konu_okuma
11068 12204 2021-02-21 03:19:54,200 INFO konu okundu haluk konu_okuma
6576 10972 2021-02-21 03:32:24,366 INFO konu okundu haluk konu_okuma
18312 7480 2021-02-21 03:47:21,198 INFO konu okundu haluk konu_okuma
18312 7480 2021-02-21 03:47:28,130 INFO konu okundu haluk konu_okuma
3916 6772 2021-02-21 03:47:56,601 INFO konu okundu haluk konu_okuma
3916 6772 2021-02-21 03:47:58,549 INFO konu okundu haluk konu_okuma
3916 6772 2021-02-21 03:48:15,926 INFO konu okundu haluk konu_okuma
9432 18192 2021-02-21 03:48:26,930 INFO konu okundu haluk konu_okuma
9432 18192 2021-02-21 03:48:31,200 INFO konu okundu haluk konu_okuma
9432 18192 2021-02-21 03:49:14,559 INFO konu okundu haluk konu_okuma
14672 17468 2021-02-21 03:49:46,967 INFO konu okundu haluk konu_okuma
14672 17468 2021-02-21 03:49:54,837 INFO konu okundu haluk konu_okuma
14672 17468 2021-02-21 03:50:15,616 INFO konu okundu haluk konu_okuma
14672 17468 2021-02-21 03:50:28,295 INFO konu okundu haluk konu_okuma
14672 17468 2021-02-21 03:50:29,945 INFO konu okundu haluk konu_okuma
14672 17468 2021-02-21 03:50:32,261 INFO konu okundu haluk konu_okuma
14672 17468 2021-02-21 03:50:36,347 INFO konu okundu haluk konu_okuma
14672 17468 2021-02-21 03:54:14,556 INFO konu okundu haluk konu_okuma
4880 15832 2021-02-21 03:54:16,594 INFO konu okundu haluk konu_okuma
4880 15832 2021-02-21 03:54:18,949 INFO konu okundu haluk konu_okuma
4880 15832 2021-02-21 03:54:40,391 INFO konu okundu haluk konu_okuma
17876 12144 2021-02-21 03:54:43,856 INFO konu okundu haluk konu_okuma
17876 12144 2021-02-21 03:57:04,066 INFO konu okundu haluk konu_okuma
17876 12144 2021-02-21 03:58:38,137 INFO konu okundu haluk konu_okuma
17876 12144 2021-02-21 03:59:05,788 INFO konu okundu haluk konu_okuma
17876 12144 2021-02-21 03:59:24,671 INFO konu okundu haluk konu_okuma
5804 6508 2021-02-21 03:59:28,537 INFO konu okundu haluk konu_okuma
5804 6508 2021-02-21 03:59:30,199 INFO konu okundu haluk konu_okuma
5836 9932 2021-02-21 04:04:58,960 INFO konu okundu haluk konu_okuma
2336 7968 2021-02-21 04:06:21,805 INFO konu okundu haluk konu_okuma
6576 16996 2021-02-21 04:08:16,847 INFO konu okundu haluk konu_okuma
2812 17716 2021-02-21 04:08:32,225 INFO konu okundu haluk konu_okuma
2812 17716 2021-02-21 04:08:46,110 INFO konu okundu haluk konu_okuma
14228 15400 2021-02-21 04:08:53,875 INFO konu okundu haluk konu_okuma
15888 14496 2021-02-21 04:09:00,725 INFO konu okundu haluk konu_okuma
16132 6984 2021-02-21 04:09:08,286 INFO konu okundu haluk konu_okuma
15700 6692 2021-02-21 04:10:01,377 INFO konu okundu haluk konu_okuma
1844 4428 2021-02-21 04:10:20,023 INFO konu okundu haluk konu_okuma
10828 9244 2021-02-21 04:10:45,508 INFO konu okundu haluk konu_okuma
10720 8944 2021-02-21 04:11:04,435 INFO konu okundu haluk konu_okuma
10720 8944 2021-02-21 04:11:34,458 INFO konu okundu haluk konu_okuma
8384 15556 2021-02-21 04:12:20,779 INFO konu okundu haluk konu_okuma
15108 6156 2021-02-21 04:12:28,715 INFO konu okundu haluk konu_okuma
15108 11908 2021-02-21 04:12:31,808 INFO konu okundu haluk konu_okuma
15108 11908 2021-02-21 04:13:26,535 INFO konu okundu haluk konu_okuma
18096 13808 2021-02-21 04:13:35,439 INFO konu okundu haluk konu_okuma
11332 3096 2021-02-21 04:13:54,468 INFO konu okundu haluk konu_okuma
1608 10928 2021-02-21 04:19:03,736 INFO konu okundu haluk konu_okuma
11544 11388 2021-02-21 04:22:05,131 INFO konu okundu haluk konu_okuma
11544 11388 2021-02-21 04:23:45,605 INFO konu okundu haluk konu_okuma
11544 11388 2021-02-21 04:23:49,813 INFO konu okundu haluk konu_okuma
11544 11388 2021-02-21 04:23:54,877 INFO konu okundu haluk konu_okuma
11544 1236 2021-02-21 04:24:15,558 INFO konu okundu haluk konu_okuma
11544 1236 2021-02-21 04:24:22,900 INFO konu okundu haluk konu_okuma
11544 1236 2021-02-21 04:26:57,063 INFO konu okundu haluk konu_okuma
14000 6672 2021-02-21 04:27:05,226 INFO konu okundu haluk konu_okuma
14000 6672 2021-02-21 04:27:56,567 INFO konu okundu haluk konu_okuma
14000 5812 2021-02-21 04:36:20,613 INFO konu okundu haluk konu_okuma
14000 5812 2021-02-21 04:36:42,059 INFO konu okundu haluk konu_okuma
14000 5812 2021-02-21 04:36:50,676 INFO konu okundu haluk konu_okuma
14000 5812 2021-02-21 04:37:00,148 INFO konu okundu haluk konu_okuma
14000 5812 2021-02-21 04:37:15,595 INFO konu okundu haluk konu_okuma
14000 5812 2021-02-21 04:38:43,289 INFO konu okundu haluk konu_okuma
14000 5812 2021-02-21 04:43:27,667 INFO konu okundu haluk konu_okuma
14000 5812 2021-02-21 04:43:34,534 INFO konu okundu haluk konu_okuma
14000 5812 2021-02-21 04:43:36,218 INFO konu okundu haluk konu_okuma
14000 5812 2021-02-21 04:44:03,709 INFO konu okundu haluk konu_okuma
14000 5812 2021-02-21 04:44:16,004 INFO konu okundu haluk konu_okuma
12944 2168 2021-02-21 05:20:55,606 INFO konu okundu haluk konu_okuma
12944 2836 2021-02-21 05:31:10,522 INFO konu okundu haluk konu_okuma
12944 2168 2021-02-21 05:31:13,825 INFO konu okundu haluk konu_okuma
12944 10640 2021-02-21 05:42:03,942 INFO konu okundu haluk konu_okuma
12944 10640 2021-02-21 05:42:07,958 INFO konu okundu haluk konu_okuma
12944 10640 2021-02-21 05:46:32,755 INFO konu okundu haluk konu_okuma
12944 10640 2021-02-21 05:46:59,000 INFO konu okundu haluk konu_okuma
12944 10640 2021-02-21 05:47:25,762 INFO konu okundu haluk konu_okuma
12944 10640 2021-02-21 05:48:54,051 INFO konu okundu haluk konu_okuma
12944 10640 2021-02-21 06:03:20,680 INFO konu okundu deneme-1 konu_okuma
12944 10640 2021-02-21 06:04:24,378 INFO konu okundu deneme-1 konu_okuma
12944 10640 2021-02-21 06:04:57,264 INFO konu okundu deneme-1 konu_okuma
12944 17284 2021-02-21 06:19:15,609 INFO konu okundu haluk konu_okuma
12944 17284 2021-02-21 06:21:51,145 INFO konu okundu haluk konu_okuma
4880 12212 2021-02-21 06:23:52,342 INFO konu okundu haluk konu_okuma
4880 12212 2021-02-21 06:25:20,554 INFO konu okundu haluk konu_okuma
4880 12212 2021-02-21 06:25:25,247 INFO konu okundu haluk konu_okuma
4880 12212 2021-02-21 06:25:29,610 INFO konu okundu haluk konu_okuma
4880 12212 2021-02-21 06:25:47,077 INFO konu okundu haluk konu_okuma
4880 12212 2021-02-21 06:26:18,706 INFO konu okundu haluk konu_okuma
4880 12212 2021-02-21 06:26:51,157 INFO konu okundu haluk konu_okuma
4880 12212 2021-02-21 06:26:56,389 INFO konu okundu haluk konu_okuma
4880 12212 2021-02-21 06:27:22,454 INFO konu okundu haluk konu_okuma
4880 12212 2021-02-21 06:27:30,829 INFO konu okundu haluk konu_okuma
17248 7296 2021-02-21 06:31:35,723 INFO konu okundu haluk konu_okuma
17248 7296 2021-02-21 06:32:58,616 INFO konu okundu haluk konu_okuma
17248 7296 2021-02-21 06:34:53,314 INFO konu okundu haluk konu_okuma
17248 7296 2021-02-21 06:35:25,163 INFO konu okundu haluk konu_okuma
17248 7296 2021-02-21 06:35:30,132 INFO konu okundu haluk konu_okuma
17248 7296 2021-02-21 06:35:36,024 INFO konu okundu haluk konu_okuma
17248 7296 2021-02-21 06:35:51,448 INFO konu okundu haluk konu_okuma
17248 7296 2021-02-21 06:39:36,853 INFO konu okundu haluk konu_okuma
17248 7296 2021-02-21 06:40:32,598 INFO konu okundu haluk konu_okuma
17248 7296 2021-02-21 06:40:37,425 INFO konu okundu haluk konu_okuma
17248 7296 2021-02-21 06:40:42,220 INFO konu okundu haluk konu_okuma
17248 7296 2021-02-21 06:40:50,776 INFO konu okundu haluk konu_okuma
17248 7296 2021-02-21 06:41:04,824 INFO konu okundu haluk konu_okuma
17248 7296 2021-02-21 06:42:05,722 INFO konu okundu haluk konu_okuma
17248 7296 2021-02-21 06:43:04,560 INFO konu okundu haluk konu_okuma
17248 7296 2021-02-21 06:43:45,134 INFO konu okundu haluk konu_okuma
17248 7296 2021-02-21 06:43:57,280 INFO konu okundu haluk konu_okuma
17248 7296 2021-02-21 06:44:23,649 INFO konu okundu haluk konu_okuma
17248 7296 2021-02-21 06:44:33,693 INFO konu okundu haluk konu_okuma
17248 7296 2021-02-21 06:44:38,900 INFO konu okundu haluk konu_okuma
17248 7296 2021-02-21 06:45:04,924 INFO konu okundu haluk konu_okuma
17248 7296 2021-02-21 06:45:39,006 INFO konu okundu haluk konu_okuma
17248 7296 2021-02-21 06:45:51,438 INFO konu okundu haluk konu_okuma
17248 7296 2021-02-21 06:46:01,087 INFO konu okundu haluk konu_okuma
17248 7296 2021-02-21 06:46:25,160 INFO konu okundu haluk konu_okuma
17248 7296 2021-02-21 06:46:33,731 INFO konu okundu haluk konu_okuma
17248 7296 2021-02-21 06:47:13,373 INFO konu okundu haluk konu_okuma
17248 7296 2021-02-21 06:47:50,733 INFO konu okundu haluk konu_okuma
17248 7296 2021-02-21 06:49:33,897 INFO konu okundu haluk konu_okuma
17248 7296 2021-02-21 06:49:39,436 INFO konu okundu haluk konu_okuma
17248 7296 2021-02-21 06:49:48,420 INFO konu okundu haluk konu_okuma
17248 7296 2021-02-21 06:49:50,163 INFO konu okundu haluk konu_okuma
17248 7296 2021-02-21 06:50:36,949 INFO konu okundu haluk konu_okuma
17248 7296 2021-02-21 06:50:40,137 INFO konu okundu haluk konu_okuma
17248 7296 2021-02-21 06:51:12,885 INFO konu okundu haluk konu_okuma
17248 7296 2021-02-21 06:52:06,574 INFO konu okundu haluk konu_okuma
17248 7296 2021-02-21 06:52:07,887 INFO konu okundu haluk konu_okuma
17248 7296 2021-02-21 06:52:21,590 INFO konu okundu haluk konu_okuma
17248 7296 2021-02-21 06:52:22,693 INFO konu okundu haluk konu_okuma
17248 7296 2021-02-21 06:52:24,636 INFO konu okundu haluk konu_okuma
17248 7296 2021-02-21 06:52:31,036 INFO konu okundu haluk konu_okuma
17248 7296 2021-02-21 06:52:35,751 INFO konu okundu haluk konu_okuma
17248 7296 2021-02-21 06:53:11,235 INFO konu okundu haluk konu_okuma
17248 7296 2021-02-21 06:56:04,114 INFO konu okundu haluk konu_okuma
17248 7296 2021-02-21 06:56:45,919 INFO konu okundu haluk konu_okuma
17248 7296 2021-02-21 06:57:49,505 INFO konu okundu haluk konu_okuma
17248 7296 2021-02-21 06:57:50,601 INFO konu okundu haluk konu_okuma
17248 7296 2021-02-21 06:58:00,672 INFO konu okundu haluk konu_okuma
17248 7296 2021-02-21 06:58:32,930 INFO konu okundu haluk konu_okuma
17248 7296 2021-02-21 06:58:40,690 INFO konu okundu haluk konu_okuma
17248 7296 2021-02-21 06:59:38,298 INFO konu okundu haluk konu_okuma
17248 7296 2021-02-21 07:00:09,119 INFO konu okundu haluk konu_okuma
17248 7296 2021-02-21 07:00:15,317 INFO konu okundu haluk konu_okuma
17248 7296 2021-02-21 07:00:32,098 INFO konu okundu haluk konu_okuma
17248 7296 2021-02-21 07:05:08,010 INFO konu okundu haluk konu_okuma
17248 7296 2021-02-21 07:07:02,379 INFO konu okundu haluk konu_okuma
17248 7296 2021-02-21 07:07:08,454 INFO konu okundu haluk konu_okuma
17248 7296 2021-02-21 07:07:18,481 INFO konu okundu haluk konu_okuma
17248 7296 2021-02-21 07:07:37,866 INFO konu okundu haluk konu_okuma
22936 22404 2021-03-05 18:39:43,247 INFO konu okundu haluk konu_okuma
14976 21748 2021-03-05 19:54:22,441 INFO konu okundu haluk konu_okuma
12208 22604 2021-03-05 20:17:53,070 INFO konu okundu haluk konu_okuma
12208 22604 2021-03-05 20:17:56,909 INFO konu okundu haluk konu_okuma
12208 22604 2021-03-05 20:18:15,193 INFO konu okundu haluk konu_okuma
20648 11696 2021-03-06 00:18:17,014 INFO konu okundu haluk konu_okuma
5676 2608 2021-03-06 00:18:37,896 INFO konu okundu haluk konu_okuma
5676 20740 2021-03-06 00:18:58,943 INFO konu okundu haluk konu_okuma
5676 11588 2021-03-06 00:20:35,935 INFO konu okundu haluk konu_okuma
5676 11588 2021-03-06 00:21:57,331 INFO konu okundu haluk konu_okuma
3308 16268 2021-05-30 00:13:35,564 INFO konu okundu haluk konu_okuma
3308 16268 2021-05-30 00:13:37,827 INFO konu okundu haluk konu_okuma
5088 14372 2021-07-10 00:53:00,117 INFO konu okundu haluk konu_okuma
5088 10436 2021-07-10 00:53:21,485 INFO konu okundu haluk konu_okuma
16284 9180 2021-08-15 12:41:31,692 INFO konu okundu haluk konu_okuma
11420 8432 2021-08-15 14:10:35,215 INFO konu okundu haluk konu_okuma
11420 8432 2021-08-15 14:10:37,958 INFO konu okundu haluk konu_okuma
11420 8432 2021-08-15 14:10:42,666 INFO konu okundu haluk konu_okuma
11420 8432 2021-08-15 14:11:00,152 INFO konu okundu haluk konu_okuma
11420 8432 2021-08-15 14:11:12,950 INFO konu okundu haluk konu_okuma
11420 8448 2021-08-15 14:12:08,688 INFO konu okundu haluk konu_okuma
11420 8448 2021-08-15 14:15:53,722 INFO konu okundu haluk konu_okuma
11420 8448 2021-08-15 14:16:29,225 INFO konu okundu haluk konu_okuma
11420 8448 2021-08-15 14:16:30,210 INFO konu okundu haluk konu_okuma
11420 8448 2021-08-15 14:16:38,639 INFO konu okundu haluk konu_okuma
11420 8448 2021-08-15 14:17:50,716 INFO konu okundu haluk konu_okuma
11420 8112 2021-08-15 14:17:51,995 INFO konu okundu haluk konu_okuma
11420 8112 2021-08-15 14:17:52,947 INFO konu okundu haluk konu_okuma
11420 8112 2021-08-15 14:17:57,445 INFO konu okundu haluk konu_okuma
11420 8112 2021-08-15 14:18:04,354 INFO konu okundu haluk konu_okuma
11420 8112 2021-08-15 14:18:13,963 INFO konu okundu haluk konu_okuma
11420 8448 2021-08-15 14:22:09,601 INFO konu okundu haluk konu_okuma
11420 8448 2021-08-15 14:22:19,434 INFO konu okundu haluk konu_okuma
11420 8448 2021-08-15 14:22:20,250 INFO konu okundu haluk konu_okuma
11420 8448 2021-08-15 14:22:48,946 INFO konu okundu haluk konu_okuma
11420 8448 2021-08-15 14:22:49,901 INFO konu okundu haluk konu_okuma
11420 8448 2021-08-15 14:22:59,783 INFO konu okundu haluk konu_okuma
11420 8448 2021-08-15 14:23:00,668 INFO konu okundu haluk konu_okuma
11420 8448 2021-08-15 14:23:25,611 INFO konu okundu haluk konu_okuma
11420 8448 2021-08-15 14:23:42,535 INFO konu okundu haluk konu_okuma
11420 8448 2021-08-15 14:23:51,454 INFO konu okundu haluk konu_okuma
11420 8448 2021-08-15 14:24:01,743 INFO konu okundu haluk konu_okuma
9292 9232 2021-08-15 14:27:46,744 INFO konu okundu haluk konu_okuma
9292 9232 2021-08-15 14:27:47,862 INFO konu okundu haluk konu_okuma
9292 9232 2021-08-15 14:28:17,311 INFO konu okundu haluk konu_okuma
15796 2780 2021-08-15 15:08:30,676 INFO konu okundu haluk konu_okuma
15796 11460 2021-08-15 15:08:55,183 INFO konu okundu haluk konu_okuma
3864 3724 2021-08-15 15:10:24,488 INFO konu okundu haluk konu_okuma
3864 3724 2021-08-15 15:10:27,064 INFO konu okundu haluk konu_okuma
3864 3724 2021-08-15 15:12:46,763 INFO konu okundu haluk konu_okuma
3864 3724 2021-08-15 15:12:47,566 INFO konu okundu haluk konu_okuma
3864 3724 2021-08-15 15:12:48,402 INFO konu okundu haluk konu_okuma
3864 3724 2021-08-15 15:13:07,854 INFO konu okundu haluk konu_okuma
3864 3724 2021-08-15 15:13:08,966 INFO konu okundu haluk konu_okuma
3864 3724 2021-08-15 15:13:13,581 INFO konu okundu haluk konu_okuma
3864 3724 2021-08-15 15:13:25,205 INFO konu okundu haluk konu_okuma
3864 3724 2021-08-15 15:13:26,320 INFO konu okundu haluk konu_okuma
3864 3724 2021-08-15 15:14:09,801 INFO konu okundu haluk konu_okuma
3864 3724 2021-08-15 15:15:11,477 INFO konu okundu haluk konu_okuma
3864 3724 2021-08-15 15:15:19,543 INFO konu okundu haluk konu_okuma
3864 3724 2021-08-15 15:16:56,312 INFO konu okundu haluk konu_okuma
3864 11584 2021-08-15 15:22:16,448 INFO konu okundu haluk konu_okuma
3864 11584 2021-08-15 15:23:28,145 INFO konu okundu haluk konu_okuma
3864 11584 2021-08-15 15:23:37,160 INFO konu okundu haluk konu_okuma
3864 11584 2021-08-15 15:24:16,775 INFO konu okundu haluk konu_okuma
3864 11584 2021-08-15 15:24:17,705 INFO konu okundu haluk konu_okuma
3864 11584 2021-08-15 15:24:32,944 INFO konu okundu haluk konu_okuma
3864 11584 2021-08-15 15:24:34,469 INFO konu okundu haluk konu_okuma
3864 11584 2021-08-15 15:25:25,793 INFO konu okundu haluk konu_okuma
3864 11584 2021-08-15 15:25:26,591 INFO konu okundu haluk konu_okuma
3864 11584 2021-08-15 15:25:50,549 INFO konu okundu haluk konu_okuma
3864 11584 2021-08-15 15:27:50,222 INFO konu okundu haluk konu_okuma
3864 11584 2021-08-15 15:28:03,705 INFO konu okundu haluk konu_okuma
3864 11584 2021-08-15 15:28:12,034 INFO konu okundu haluk konu_okuma
3864 11584 2021-08-15 15:28:12,834 INFO konu okundu haluk konu_okuma
3864 11584 2021-08-15 15:28:13,518 INFO konu okundu haluk konu_okuma
3864 11584 2021-08-15 15:28:14,059 INFO konu okundu haluk konu_okuma
3864 11584 2021-08-15 15:29:14,782 INFO konu okundu haluk konu_okuma
3864 11584 2021-08-15 15:29:30,356 INFO konu okundu haluk konu_okuma
3864 11584 2021-08-15 15:29:34,968 INFO konu okundu haluk konu_okuma
3864 11584 2021-08-15 15:29:42,435 INFO konu okundu haluk konu_okuma
2704 14916 2021-08-15 15:30:37,923 INFO konu okundu haluk konu_okuma
7452 13148 2021-08-15 15:50:24,608 INFO konu okundu haluk konu_okuma
7396 5284 2021-08-15 15:59:53,397 INFO konu okundu haluk konu_okuma
7396 5284 2021-08-15 16:00:30,691 INFO konu okundu haluk konu_okuma
7396 5284 2021-08-15 16:00:49,253 INFO konu okundu haluk konu_okuma
7396 5284 2021-08-15 16:00:59,574 INFO konu okundu haluk konu_okuma
7396 5284 2021-08-15 16:01:08,779 INFO konu okundu haluk konu_okuma
7396 5284 2021-08-15 16:01:20,306 INFO konu okundu haluk konu_okuma
7396 5284 2021-08-15 16:01:39,540 INFO konu okundu haluk konu_okuma
7396 5284 2021-08-15 16:01:51,384 INFO konu okundu haluk konu_okuma
7396 5284 2021-08-15 16:02:05,060 INFO konu okundu haluk konu_okuma
7396 5284 2021-08-15 16:02:18,516 INFO konu okundu haluk konu_okuma
7396 5284 2021-08-15 16:02:35,711 INFO konu okundu haluk konu_okuma
7396 5284 2021-08-15 16:02:36,651 INFO konu okundu haluk konu_okuma
7396 5284 2021-08-15 16:02:37,558 INFO konu okundu haluk konu_okuma
7396 5284 2021-08-15 16:02:50,598 INFO konu okundu haluk konu_okuma
7396 5284 2021-08-15 16:02:51,546 INFO konu okundu haluk konu_okuma
7396 5284 2021-08-15 16:03:49,262 INFO konu okundu haluk konu_okuma
7396 5284 2021-08-15 16:06:18,736 INFO konu okundu haluk konu_okuma
7396 5284 2021-08-15 16:06:33,752 INFO konu okundu haluk konu_okuma
7396 5284 2021-08-15 16:06:57,378 INFO konu okundu haluk konu_okuma
7396 5284 2021-08-15 16:07:19,013 INFO konu okundu haluk konu_okuma
7396 5284 2021-08-15 16:07:33,540 INFO konu okundu haluk konu_okuma
7396 5284 2021-08-15 16:08:29,487 INFO konu okundu haluk konu_okuma
7396 5284 2021-08-15 16:08:30,444 INFO konu okundu haluk konu_okuma
7396 5284 2021-08-15 16:08:48,205 INFO konu okundu haluk konu_okuma
7396 5284 2021-08-15 16:08:48,992 INFO konu okundu haluk konu_okuma
7396 5284 2021-08-15 16:08:50,053 INFO konu okundu haluk konu_okuma
7396 5284 2021-08-15 16:09:38,456 INFO konu okundu haluk konu_okuma
7396 5284 2021-08-15 16:10:01,196 INFO konu okundu haluk konu_okuma
7396 5284 2021-08-15 16:10:28,944 INFO konu okundu haluk konu_okuma
7396 5284 2021-08-15 16:10:47,180 INFO konu okundu haluk konu_okuma
7396 5284 2021-08-15 16:11:01,366 INFO konu okundu haluk konu_okuma
7396 5284 2021-08-15 16:11:02,411 INFO konu okundu haluk konu_okuma
7396 5284 2021-08-15 16:11:20,627 INFO konu okundu haluk konu_okuma
7396 5284 2021-08-15 16:11:21,644 INFO konu okundu haluk konu_okuma
7396 5284 2021-08-15 16:11:30,225 INFO konu okundu haluk konu_okuma
7396 5284 2021-08-15 16:12:13,749 INFO konu okundu haluk konu_okuma
15436 7736 2021-08-15 16:19:03,165 INFO konu okundu haluk konu_okuma
15436 7736 2021-08-15 16:19:04,972 INFO konu okundu haluk konu_okuma
13108 7564 2021-08-15 16:22:38,648 INFO konu okundu haluk konu_okuma
6632 8444 2021-08-15 16:50:14,422 INFO konu okundu haluk konu_okuma
6632 8444 2021-08-15 16:50:43,678 INFO konu okundu haluk konu_okuma
6632 8444 2021-08-15 16:51:01,127 INFO konu okundu haluk konu_okuma
6632 5060 2021-08-15 16:51:15,348 INFO konu okundu haluk konu_okuma
6632 5060 2021-08-15 16:51:26,351 INFO konu okundu haluk konu_okuma
6632 5060 2021-08-15 16:51:27,332 INFO konu okundu haluk konu_okuma
6632 5060 2021-08-15 16:51:38,430 INFO konu okundu haluk konu_okuma
6632 5060 2021-08-15 16:52:30,399 INFO konu okundu haluk konu_okuma
6632 5060 2021-08-15 16:52:48,546 INFO konu okundu haluk konu_okuma
6632 5060 2021-08-15 16:52:55,223 INFO konu okundu haluk konu_okuma
19736 18256 2021-08-15 23:53:43,221 INFO konu okundu haluk konu_okuma
9516 19300 2021-08-16 00:08:02,197 INFO konu okundu haluk konu_okuma
19012 15476 2021-08-16 00:23:33,131 INFO konu okundu haluk konu_okuma
19012 15476 2021-08-16 00:23:57,759 INFO konu okundu haluk konu_okuma
19012 11076 2021-08-16 00:27:01,813 INFO konu okundu haluk konu_okuma
19012 11076 2021-08-16 00:27:37,525 INFO konu okundu haluk konu_okuma
19012 11076 2021-08-16 00:28:32,199 INFO konu okundu haluk konu_okuma
20216 7176 2021-08-16 00:59:51,497 INFO konu okundu haluk konu_okuma
20216 7176 2021-08-16 00:59:58,461 INFO konu okundu haluk konu_okuma
20216 7176 2021-08-16 01:03:42,113 INFO konu okundu haluk konu_okuma
14004 18992 2021-08-16 01:36:40,134 INFO konu okundu haluk konu_okuma
18972 18556 2021-08-16 01:44:48,615 INFO konu okundu haluk konu_okuma
9788 19704 2021-08-16 02:43:20,233 INFO konu okundu haluk konu_okuma
16764 2276 2021-08-16 10:24:46,371 INFO konu okundu haluk konu_okuma
16764 17396 2021-08-16 10:27:25,368 INFO konu okundu haluk konu_okuma
1396 3600 2021-08-16 23:15:04,663 INFO konu okundu haluk konu_okuma
17180 11588 2021-08-16 23:19:55,731 INFO konu okundu haluk konu_okuma
11200 13500 2021-08-18 00:46:52,658 INFO konu okundu haluk konu_okuma
11200 13500 2021-08-18 00:47:02,210 INFO konu okundu haluk konu_okuma
11200 13500 2021-08-18 00:48:02,049 INFO konu okundu haluk konu_okuma
11200 13500 2021-08-18 00:48:25,206 INFO konu okundu haluk konu_okuma
11200 13500 2021-08-18 00:48:32,223 INFO konu okundu haluk konu_okuma
11200 13500 2021-08-18 00:49:16,699 INFO konu okundu haluk konu_okuma
11200 13500 2021-08-18 00:49:55,812 INFO konu okundu haluk konu_okuma
11200 13500 2021-08-18 00:51:02,273 INFO konu okundu haluk konu_okuma
11200 13500 2021-08-18 00:51:35,157 INFO konu okundu haluk konu_okuma
11200 13500 2021-08-18 01:04:57,518 INFO konu okundu haluk konu_okuma
11200 13500 2021-08-18 01:30:38,378 INFO konu okundu haluk konu_okuma
11200 11184 2021-08-18 01:37:42,848 INFO konu okundu haluk konu_okuma
11200 11184 2021-08-18 01:37:49,933 INFO konu okundu haluk konu_okuma
11200 11184 2021-08-18 01:38:00,818 INFO konu okundu haluk konu_okuma
15924 16592 2021-08-20 23:04:16,174 INFO konu okundu haluk konu_okuma
11476 7684 2021-08-21 12:33:18,519 INFO konu okundu haluk konu_okuma
11476 7684 2021-08-21 12:37:33,442 INFO konu okundu haluk konu_okuma
11476 7684 2021-08-21 12:37:52,831 INFO konu okundu haluk konu_okuma
11476 7684 2021-08-21 12:39:14,678 INFO konu okundu haluk konu_okuma
11476 7684 2021-08-21 12:40:25,083 INFO konu okundu haluk konu_okuma
11476 7880 2021-08-21 12:46:56,647 INFO konu okundu haluk konu_okuma
10880 2564 2021-08-21 15:45:03,031 INFO konu okundu haluk konu_okuma
10880 7408 2021-08-21 15:50:24,596 INFO konu okundu haluk konu_okuma
3588 3800 2021-08-21 15:50:52,445 INFO konu okundu haluk konu_okuma
3168 4748 2021-08-21 15:54:07,272 INFO konu okundu haluk konu_okuma
7376 3316 2021-08-21 15:55:32,791 INFO konu okundu haluk konu_okuma
9444 7644 2021-08-21 16:06:46,021 INFO konu okundu haluk konu_okuma
7484 2740 2021-08-21 16:08:14,188 INFO konu okundu haluk konu_okuma
13112 15728 2021-08-21 16:09:00,019 INFO konu okundu haluk konu_okuma
13112 15728 2021-08-21 16:09:04,035 INFO konu okundu haluk konu_okuma
2736 3800 2021-08-21 16:11:06,529 INFO konu okundu haluk konu_okuma
7284 5896 2021-08-21 16:13:50,364 INFO konu okundu haluk konu_okuma
7284 5896 2021-08-21 16:13:53,289 INFO konu okundu haluk konu_okuma
1712 3904 2021-08-21 16:16:52,578 INFO konu okundu haluk konu_okuma
872 9640 2021-08-21 16:17:25,362 INFO konu okundu haluk konu_okuma
11128 12480 2021-08-21 16:19:09,865 INFO konu okundu haluk konu_okuma
5020 13224 2021-08-21 16:21:21,174 INFO konu okundu haluk konu_okuma
10244 10668 2021-08-21 16:21:52,889 INFO konu okundu haluk konu_okuma
12964 2304 2021-08-21 16:23:14,168 INFO konu okundu haluk konu_okuma
12964 2304 2021-08-21 16:23:30,669 INFO konu okundu haluk konu_okuma
12964 2304 2021-08-21 16:24:31,713 INFO konu okundu haluk konu_okuma
16320 3964 2021-08-21 16:24:57,020 INFO konu okundu haluk konu_okuma
1740 15240 2021-08-21 16:34:16,335 INFO konu okundu haluk konu_okuma
16660 5388 2021-08-21 16:35:56,819 INFO konu okundu haluk konu_okuma
5496 8572 2021-08-21 16:38:27,606 INFO konu okundu haluk konu_okuma
2164 8960 2021-08-21 16:38:57,151 INFO konu okundu haluk konu_okuma
14304 5432 2021-08-21 16:39:05,493 INFO konu okundu haluk konu_okuma
9684 7924 2021-08-21 16:39:46,041 INFO konu okundu haluk konu_okuma
10736 9476 2021-08-21 16:40:07,409 INFO konu okundu haluk konu_okuma
15916 4588 2021-08-21 16:41:18,798 INFO konu okundu haluk konu_okuma
10708 4644 2021-08-21 16:43:04,842 INFO konu okundu haluk konu_okuma
12900 9168 2021-08-21 16:44:55,497 INFO konu okundu haluk konu_okuma
8420 3960 2021-08-21 16:46:13,483 INFO konu okundu haluk konu_okuma
8420 3960 2021-08-21 16:48:15,091 INFO konu okundu haluk konu_okuma
8420 3960 2021-08-21 16:50:28,516 INFO konu okundu haluk konu_okuma
8420 3960 2021-08-21 16:50:48,999 INFO konu okundu haluk konu_okuma
8420 3960 2021-08-21 16:51:20,126 INFO konu okundu haluk konu_okuma
8420 3960 2021-08-21 16:51:31,990 INFO konu okundu haluk konu_okuma
8420 3960 2021-08-21 16:52:22,415 INFO konu okundu haluk konu_okuma
8420 3960 2021-08-21 16:53:02,778 INFO konu okundu haluk konu_okuma
11596 7960 2021-08-21 16:56:59,227 INFO konu okundu haluk konu_okuma
14760 13840 2021-08-21 16:59:03,749 INFO konu okundu haluk konu_okuma
14760 13840 2021-08-21 16:59:13,690 INFO konu okundu haluk konu_okuma
11828 7388 2021-08-21 17:03:47,970 INFO konu okundu haluk konu_okuma
10236 12008 2021-08-21 17:05:15,728 INFO konu okundu haluk konu_okuma
10236 12008 2021-08-21 17:05:17,657 INFO konu okundu haluk konu_okuma
10236 12008 2021-08-21 17:05:21,369 INFO konu okundu haluk konu_okuma
10236 12008 2021-08-21 17:05:23,839 INFO konu okundu haluk konu_okuma
10236 6200 2021-08-21 17:05:34,664 INFO konu okundu haluk konu_okuma
10236 6200 2021-08-21 17:05:35,912 INFO konu okundu haluk konu_okuma
16692 16976 2021-08-21 17:12:20,178 INFO konu okundu adam konu_okuma
16692 16976 2021-08-21 17:12:21,645 INFO konu okundu adam konu_okuma
16692 16976 2021-08-21 17:13:17,554 INFO konu okundu haluk konu_okuma
16692 16976 2021-08-21 17:13:19,351 INFO konu okundu haluk konu_okuma
7344 5908 2021-08-21 17:37:08,446 INFO konu okundu haluk konu_okuma
7344 5908 2021-08-21 17:37:13,929 INFO konu okundu haluk konu_okuma
1572 3528 2021-08-21 17:40:31,843 INFO konu okundu haluk konu_okuma
1572 3528 2021-08-21 17:40:32,874 INFO konu okundu haluk konu_okuma
1572 3528 2021-08-21 17:41:26,726 INFO konu okundu haluk konu_okuma
1572 3528 2021-08-21 17:41:40,073 INFO konu okundu haluk konu_okuma
1572 3528 2021-08-21 17:41:56,374 INFO konu okundu haluk konu_okuma
1572 3528 2021-08-21 17:42:00,324 INFO konu okundu haluk konu_okuma
1572 3528 2021-08-21 17:42:05,089 INFO konu okundu haluk konu_okuma
1572 3528 2021-08-21 17:42:34,248 INFO konu okundu haluk konu_okuma
1572 3528 2021-08-21 17:42:42,325 INFO konu okundu haluk konu_okuma
1572 3528 2021-08-21 17:42:46,680 INFO konu okundu haluk konu_okuma
1572 3528 2021-08-21 17:42:48,841 INFO konu okundu haluk konu_okuma
4708 7340 2021-08-21 17:43:18,141 INFO konu okundu haluk konu_okuma
4708 7340 2021-08-21 17:43:20,232 INFO konu okundu haluk konu_okuma
4708 7340 2021-08-21 17:43:25,126 INFO konu okundu haluk konu_okuma
4708 7340 2021-08-21 17:43:26,872 INFO konu okundu haluk konu_okuma
4708 7340 2021-08-21 17:43:42,850 INFO konu okundu haluk konu_okuma
4708 7340 2021-08-21 17:43:46,704 INFO konu okundu haluk konu_okuma
4708 7340 2021-08-21 17:43:52,484 INFO konu okundu haluk konu_okuma
4708 7340 2021-08-21 17:43:53,974 INFO konu okundu haluk konu_okuma
4708 7340 2021-08-21 17:44:41,311 INFO konu okundu haluk konu_okuma
4708 7340 2021-08-21 17:45:51,515 INFO konu okundu haluk konu_okuma
4708 7340 2021-08-21 17:46:14,510 INFO konu okundu haluk konu_okuma
4708 7340 2021-08-21 17:46:26,661 INFO konu okundu haluk konu_okuma
4708 7340 2021-08-21 17:46:46,252 INFO konu okundu haluk konu_okuma
4708 7340 2021-08-21 17:46:47,101 INFO konu okundu haluk konu_okuma
4708 7340 2021-08-21 17:46:57,659 INFO konu okundu haluk konu_okuma
4708 7340 2021-08-21 17:47:14,541 INFO konu okundu haluk konu_okuma
4708 7340 2021-08-21 17:47:47,550 INFO konu okundu haluk konu_okuma
4708 7340 2021-08-21 17:47:50,004 INFO konu okundu haluk konu_okuma
4708 7340 2021-08-21 17:47:52,581 INFO konu okundu haluk konu_okuma
4708 7340 2021-08-21 17:47:56,310 INFO konu okundu haluk konu_okuma
4708 7340 2021-08-21 17:47:58,064 INFO konu okundu haluk konu_okuma
4708 7340 2021-08-21 17:48:34,311 INFO konu okundu haluk konu_okuma
4708 7340 2021-08-21 17:49:27,129 INFO konu okundu haluk konu_okuma
4708 16984 2021-08-21 18:09:59,055 INFO konu okundu haluk konu_okuma
4708 16984 2021-08-21 18:10:06,220 INFO konu okundu haluk konu_okuma
4708 16984 2021-08-21 18:13:58,032 INFO konu okundu haluk konu_okuma
4708 4248 2021-08-21 18:13:58,080 INFO konu okundu haluk konu_okuma
4708 4248 2021-08-21 18:13:59,814 INFO konu okundu haluk konu_okuma
4708 4248 2021-08-21 18:14:46,755 INFO konu okundu haluk konu_okuma
4708 7780 2021-08-21 18:14:51,741 INFO konu okundu haluk konu_okuma
4708 7780 2021-08-21 18:14:53,655 INFO konu okundu haluk konu_okuma
4708 4248 2021-08-21 18:15:48,894 INFO konu okundu haluk konu_okuma
4708 4248 2021-08-21 18:17:07,020 INFO konu okundu haluk konu_okuma
4708 4248 2021-08-21 18:17:13,911 INFO konu okundu haluk konu_okuma
4708 4248 2021-08-21 18:17:23,976 INFO konu okundu haluk konu_okuma
4708 4248 2021-08-21 18:17:31,665 INFO konu okundu haluk konu_okuma
4708 4248 2021-08-21 18:17:37,276 INFO konu okundu haluk konu_okuma
4708 4248 2021-08-21 18:17:39,499 INFO konu okundu haluk konu_okuma
4708 4248 2021-08-21 18:17:52,513 INFO konu okundu haluk konu_okuma
4708 4248 2021-08-21 18:18:00,545 INFO konu okundu haluk konu_okuma
4708 4248 2021-08-21 18:18:04,117 INFO konu okundu haluk konu_okuma
4708 4248 2021-08-21 18:18:11,669 INFO konu okundu haluk konu_okuma
4708 4248 2021-08-21 18:20:57,518 INFO konu okundu haluk konu_okuma
4708 4248 2021-08-21 18:21:05,069 INFO konu okundu haluk konu_okuma
4708 4248 2021-08-21 18:21:06,778 INFO konu okundu haluk konu_okuma
4708 4248 2021-08-21 18:25:32,045 INFO konu okundu haluk konu_okuma
8656 10508 2021-08-21 23:31:52,248 INFO konu okundu haluk konu_okuma
16376 12036 2021-08-21 23:45:56,180 INFO konu okundu haluk konu_okuma
16376 14276 2021-08-21 23:50:13,510 INFO konu okundu haluk konu_okuma
17088 17188 2021-08-22 00:12:08,972 INFO konu okundu haluk konu_okuma
17088 17188 2021-08-22 00:13:17,425 INFO konu okundu haluk konu_okuma
14832 15232 2021-08-22 00:25:38,514 INFO konu okundu haluk konu_okuma
3192 6264 2021-08-22 00:46:39,768 INFO konu okundu haluk konu_okuma
3192 6264 2021-08-22 00:46:44,538 INFO konu okundu haluk konu_okuma
8144 9020 2021-08-22 00:59:09,199 INFO konu okundu haluk konu_okuma
8144 15948 2021-08-22 00:59:13,119 INFO konu okundu haluk konu_okuma
8144 15948 2021-08-22 00:59:31,621 INFO konu okundu haluk konu_okuma
8144 15948 2021-08-22 00:59:33,173 INFO konu okundu haluk konu_okuma
8144 15948 2021-08-22 00:59:39,784 INFO konu okundu haluk konu_okuma
6728 11084 2021-08-22 01:00:20,601 INFO konu okundu haluk konu_okuma
6728 11084 2021-08-22 01:00:33,377 INFO konu okundu haluk konu_okuma
6728 11084 2021-08-22 01:00:39,997 INFO konu okundu haluk konu_okuma
6728 11084 2021-08-22 01:01:10,556 INFO konu okundu haluk konu_okuma
6728 11084 2021-08-22 01:01:15,438 INFO konu okundu haluk konu_okuma
6728 11084 2021-08-22 01:01:17,200 INFO konu okundu haluk konu_okuma
6728 11084 2021-08-22 01:01:37,168 INFO konu okundu haluk konu_okuma
6728 11084 2021-08-22 01:02:06,890 INFO konu okundu haluk konu_okuma
16024 17308 2021-08-22 01:09:18,319 INFO konu okundu haluk konu_okuma
16024 8524 2021-08-22 01:09:52,436 INFO konu okundu haluk konu_okuma
16024 8524 2021-08-22 01:10:03,654 INFO konu okundu haluk konu_okuma
16024 8524 2021-08-22 01:10:07,451 INFO konu okundu haluk konu_okuma
16024 8524 2021-08-22 01:10:11,576 INFO konu okundu haluk konu_okuma
16024 8524 2021-08-22 01:11:39,973 INFO konu okundu haluk konu_okuma
16024 8524 2021-08-22 01:12:05,526 INFO konu okundu haluk konu_okuma
16024 8524 2021-08-22 01:12:37,725 INFO konu okundu haluk konu_okuma
16024 8524 2021-08-22 01:13:02,779 INFO konu okundu haluk konu_okuma
16024 8524 2021-08-22 01:13:28,978 INFO konu okundu haluk konu_okuma
16024 8524 2021-08-22 01:14:02,225 INFO konu okundu haluk konu_okuma
16024 8524 2021-08-22 01:14:04,633 INFO konu okundu haluk konu_okuma
16024 8524 2021-08-22 01:14:12,744 INFO konu okundu haluk konu_okuma
16024 8524 2021-08-22 01:14:14,099 INFO konu okundu haluk konu_okuma
16024 8524 2021-08-22 01:14:19,604 INFO konu okundu haluk konu_okuma
16024 8524 2021-08-22 01:14:23,511 INFO konu okundu haluk konu_okuma
16024 8524 2021-08-22 01:14:25,567 INFO konu okundu haluk konu_okuma
16024 8524 2021-08-22 01:14:36,318 INFO konu okundu haluk konu_okuma
16024 8524 2021-08-22 01:17:04,200 INFO konu okundu haluk konu_okuma
16024 8524 2021-08-22 01:17:24,408 INFO konu okundu haluk konu_okuma
16024 452 2021-08-22 01:18:06,764 INFO konu okundu haluk konu_okuma
16024 452 2021-08-22 01:19:28,763 INFO konu okundu deneme-1 konu_okuma
16024 452 2021-08-22 01:19:30,588 INFO konu okundu deneme-1 konu_okuma
16024 452 2021-08-22 01:22:34,725 INFO konu okundu haluk konu_okuma
16024 452 2021-08-22 01:23:38,614 INFO konu okundu haluk konu_okuma
16024 452 2021-08-22 01:23:48,570 INFO konu okundu haluk konu_okuma
16024 452 2021-08-22 01:23:49,536 INFO konu okundu haluk konu_okuma
16024 452 2021-08-22 01:24:02,424 INFO konu okundu haluk konu_okuma
16024 452 2021-08-22 01:24:12,000 INFO konu okundu haluk konu_okuma
16024 452 2021-08-22 01:24:26,192 INFO konu okundu haluk konu_okuma
16024 452 2021-08-22 01:24:44,286 INFO konu okundu haluk konu_okuma
16024 452 2021-08-22 01:24:52,939 INFO konu okundu haluk konu_okuma
16024 452 2021-08-22 01:25:21,369 INFO konu okundu haluk konu_okuma
16024 452 2021-08-22 01:25:43,364 INFO konu okundu haluk konu_okuma
16024 452 2021-08-22 01:29:18,838 INFO konu okundu haluk konu_okuma
16024 452 2021-08-22 01:30:09,283 INFO konu okundu haluk konu_okuma
16024 13124 2021-08-22 01:30:35,324 INFO konu okundu haluk konu_okuma
16024 13124 2021-08-22 01:30:36,601 INFO konu okundu haluk konu_okuma
16024 13124 2021-08-22 01:31:03,270 INFO konu okundu haluk konu_okuma
16024 13124 2021-08-22 01:31:04,197 INFO konu okundu haluk konu_okuma
16024 13124 2021-08-22 01:31:48,958 INFO konu okundu haluk konu_okuma
16024 13124 2021-08-22 01:32:19,253 INFO konu okundu haluk konu_okuma
16024 13124 2021-08-22 01:32:34,726 INFO konu okundu haluk konu_okuma
16024 13124 2021-08-22 01:32:56,815 INFO konu okundu haluk konu_okuma
16024 13124 2021-08-22 01:33:27,626 INFO konu okundu haluk konu_okuma
16024 13124 2021-08-22 01:33:47,058 INFO konu okundu haluk konu_okuma
16024 13124 2021-08-22 01:33:59,538 INFO konu okundu haluk konu_okuma
16024 13124 2021-08-22 01:34:17,346 INFO konu okundu haluk konu_okuma
16024 13124 2021-08-22 01:34:40,580 INFO konu okundu haluk konu_okuma
16024 13124 2021-08-22 01:34:41,844 INFO konu okundu haluk konu_okuma
16024 13124 2021-08-22 01:35:28,738 INFO konu okundu haluk konu_okuma
16024 13124 2021-08-22 01:35:29,535 INFO konu okundu haluk konu_okuma
16024 13124 2021-08-22 01:36:17,627 INFO konu okundu haluk konu_okuma
16024 13124 2021-08-22 01:36:18,765 INFO konu okundu haluk konu_okuma
16024 13124 2021-08-22 01:36:33,356 INFO konu okundu haluk konu_okuma
16024 13124 2021-08-22 01:37:17,838 INFO konu okundu haluk konu_okuma
16024 13124 2021-08-22 01:37:49,655 INFO konu okundu haluk konu_okuma
16024 13124 2021-08-22 01:38:30,718 INFO konu okundu haluk konu_okuma
16024 13124 2021-08-22 01:39:12,948 INFO konu okundu haluk konu_okuma
16024 13124 2021-08-22 01:39:50,311 INFO konu okundu haluk konu_okuma
16024 13124 2021-08-22 01:40:18,818 INFO konu okundu haluk konu_okuma
16024 13124 2021-08-22 01:40:19,656 INFO konu okundu haluk konu_okuma
16024 13124 2021-08-22 01:40:20,319 INFO konu okundu haluk konu_okuma
9528 15456 2021-08-22 01:40:28,708 INFO konu okundu haluk konu_okuma
9528 3772 2021-08-22 01:40:50,393 INFO konu okundu haluk konu_okuma
9528 3772 2021-08-22 01:40:51,211 INFO konu okundu haluk konu_okuma
9528 3772 2021-08-22 01:40:51,801 INFO konu okundu haluk konu_okuma
9528 3772 2021-08-22 01:41:00,149 INFO konu okundu haluk konu_okuma
9528 3772 2021-08-22 01:41:05,419 INFO konu okundu haluk konu_okuma
9528 3772 2021-08-22 01:41:17,805 INFO konu okundu haluk konu_okuma
9528 3772 2021-08-22 01:41:36,822 INFO konu okundu haluk konu_okuma
9528 3772 2021-08-22 01:41:37,560 INFO konu okundu haluk konu_okuma
9528 3772 2021-08-22 01:41:46,610 INFO konu okundu haluk konu_okuma
9528 3772 2021-08-22 01:41:47,321 INFO konu okundu haluk konu_okuma
9528 3772 2021-08-22 01:41:56,462 INFO konu okundu haluk konu_okuma
9528 3772 2021-08-22 01:41:57,341 INFO konu okundu haluk konu_okuma
9528 3772 2021-08-22 01:42:07,415 INFO konu okundu haluk konu_okuma
9528 3772 2021-08-22 01:42:08,175 INFO konu okundu haluk konu_okuma
9528 3772 2021-08-22 01:42:16,347 INFO konu okundu haluk konu_okuma
9528 3772 2021-08-22 01:42:16,988 INFO konu okundu haluk konu_okuma
9528 3772 2021-08-22 01:43:13,706 INFO konu okundu haluk konu_okuma
9528 3772 2021-08-22 01:43:14,496 INFO konu okundu haluk konu_okuma
9528 3772 2021-08-22 01:45:24,035 INFO konu okundu haluk konu_okuma
9528 3772 2021-08-22 01:45:24,769 INFO konu okundu haluk konu_okuma
9528 3772 2021-08-22 01:45:25,186 INFO konu okundu haluk konu_okuma
9528 3772 2021-08-22 01:45:47,821 INFO konu okundu haluk konu_okuma
9528 3772 2021-08-22 01:45:49,216 INFO konu okundu haluk konu_okuma
9528 3772 2021-08-22 01:45:49,669 INFO konu okundu haluk konu_okuma
9528 3772 2021-08-22 01:45:50,073 INFO konu okundu haluk konu_okuma
9528 3772 2021-08-22 01:46:05,745 INFO konu okundu haluk konu_okuma
9528 3772 2021-08-22 01:46:39,396 INFO konu okundu haluk konu_okuma
9528 3772 2021-08-22 01:46:39,977 INFO konu okundu haluk konu_okuma
9528 3772 2021-08-22 01:46:40,527 INFO konu okundu haluk konu_okuma
9328 5652 2021-08-22 01:46:53,236 INFO konu okundu haluk konu_okuma
9328 5652 2021-08-22 01:46:56,345 INFO konu okundu haluk konu_okuma
9328 5652 2021-08-22 01:48:42,271 INFO konu okundu haluk konu_okuma
9328 5652 2021-08-22 01:48:43,011 INFO konu okundu haluk konu_okuma
9328 5652 2021-08-22 01:48:43,545 INFO konu okundu haluk konu_okuma
9328 5652 2021-08-22 01:49:57,311 INFO konu okundu haluk konu_okuma
9328 5652 2021-08-22 01:53:10,501 INFO konu okundu haluk konu_okuma
9328 3992 2021-08-22 01:53:24,554 INFO konu okundu haluk konu_okuma
9328 3992 2021-08-22 01:54:18,607 INFO konu okundu haluk konu_okuma
9328 3992 2021-08-22 01:54:35,091 INFO konu okundu haluk konu_okuma
9328 3992 2021-08-22 01:54:36,145 INFO konu okundu haluk konu_okuma
9328 3992 2021-08-22 01:54:36,953 INFO konu okundu haluk konu_okuma
9328 3992 2021-08-22 01:54:56,654 INFO konu okundu haluk konu_okuma
9328 3992 2021-08-22 01:55:34,708 INFO konu okundu haluk konu_okuma
9328 3992 2021-08-22 01:55:57,954 INFO konu okundu haluk konu_okuma
9328 3992 2021-08-22 01:56:33,391 INFO konu okundu haluk konu_okuma
9328 3992 2021-08-22 01:57:36,650 INFO konu okundu haluk konu_okuma
9328 3992 2021-08-22 01:57:50,125 INFO konu okundu haluk konu_okuma
9328 3992 2021-08-22 01:58:02,090 INFO konu okundu haluk konu_okuma
9328 3992 2021-08-22 01:58:33,791 INFO konu okundu haluk konu_okuma
9328 3992 2021-08-22 01:58:51,751 INFO konu okundu haluk konu_okuma
9328 3992 2021-08-22 02:00:20,340 INFO konu okundu haluk konu_okuma
9328 3992 2021-08-22 02:00:21,544 INFO konu okundu haluk konu_okuma
9328 3992 2021-08-22 02:00:36,058 INFO konu okundu haluk konu_okuma
9328 3992 2021-08-22 02:00:46,442 INFO konu okundu haluk konu_okuma
9328 3992 2021-08-22 02:01:10,036 INFO konu okundu haluk konu_okuma
9328 3992 2021-08-22 02:01:37,097 INFO konu okundu haluk konu_okuma
9328 3992 2021-08-22 02:01:40,973 INFO konu okundu haluk konu_okuma
9328 3992 2021-08-22 02:02:10,599 INFO konu okundu haluk konu_okuma
9328 3992 2021-08-22 02:02:27,179 INFO konu okundu haluk konu_okuma
9328 3992 2021-08-22 02:02:52,442 INFO konu okundu haluk konu_okuma
9328 3992 2021-08-22 02:03:28,171 INFO konu okundu haluk konu_okuma
9328 3992 2021-08-22 02:03:54,346 INFO konu okundu haluk konu_okuma
9328 3992 2021-08-22 02:03:55,306 INFO konu okundu haluk konu_okuma
9328 3992 2021-08-22 02:03:55,620 INFO konu okundu haluk konu_okuma
9328 3992 2021-08-22 02:04:41,518 INFO konu okundu haluk konu_okuma
9328 3992 2021-08-22 02:04:56,192 INFO konu okundu haluk konu_okuma
9328 3992 2021-08-22 02:05:12,218 INFO konu okundu haluk konu_okuma
9328 3992 2021-08-22 02:05:12,951 INFO konu okundu haluk konu_okuma
9328 3992 2021-08-22 02:05:13,405 INFO konu okundu haluk konu_okuma
9328 3992 2021-08-22 02:05:13,830 INFO konu okundu haluk konu_okuma
9328 3992 2021-08-22 02:05:30,890 INFO konu okundu haluk konu_okuma
9328 3992 2021-08-22 02:05:31,556 INFO konu okundu haluk konu_okuma
9328 3992 2021-08-22 02:05:32,007 INFO konu okundu haluk konu_okuma
9328 3992 2021-08-22 02:06:48,932 INFO konu okundu haluk konu_okuma
9328 8728 2021-08-22 02:06:49,572 INFO konu okundu haluk konu_okuma
9328 8728 2021-08-22 02:06:50,144 INFO konu okundu haluk konu_okuma
9328 8728 2021-08-22 02:06:50,687 INFO konu okundu haluk konu_okuma
9328 8728 2021-08-22 02:07:12,454 INFO konu okundu haluk konu_okuma
9328 8728 2021-08-22 02:07:13,001 INFO konu okundu haluk konu_okuma
9328 8728 2021-08-22 02:07:33,750 INFO konu okundu haluk konu_okuma
9328 8728 2021-08-22 02:07:34,515 INFO konu okundu haluk konu_okuma
9328 8728 2021-08-22 02:08:45,837 INFO konu okundu haluk konu_okuma
9328 8728 2021-08-22 02:08:55,137 INFO konu okundu haluk konu_okuma
9328 8728 2021-08-22 02:09:14,346 INFO konu okundu haluk konu_okuma
9328 8728 2021-08-22 02:09:15,138 INFO konu okundu haluk konu_okuma
9328 8728 2021-08-22 02:09:15,682 INFO konu okundu haluk konu_okuma
9328 8728 2021-08-22 02:09:23,000 INFO konu okundu haluk konu_okuma
9328 8728 2021-08-22 02:09:55,873 INFO konu okundu haluk konu_okuma
9328 8728 2021-08-22 02:10:13,119 INFO konu okundu haluk konu_okuma
9328 8728 2021-08-22 02:10:19,211 INFO konu okundu haluk konu_okuma
9328 8728 2021-08-22 02:10:27,550 INFO konu okundu haluk konu_okuma
9328 8728 2021-08-22 02:10:37,155 INFO konu okundu haluk konu_okuma
9328 8728 2021-08-22 02:10:37,915 INFO konu okundu haluk konu_okuma
9328 8728 2021-08-22 02:10:45,573 INFO konu okundu haluk konu_okuma
9328 8728 2021-08-22 02:11:14,351 INFO konu okundu haluk konu_okuma
9328 8728 2021-08-22 02:11:15,167 INFO konu okundu haluk konu_okuma
9328 8728 2021-08-22 02:11:15,738 INFO konu okundu haluk konu_okuma
9328 8728 2021-08-22 02:11:35,287 INFO konu okundu haluk konu_okuma
9328 8728 2021-08-22 02:11:46,595 INFO konu okundu haluk konu_okuma
9328 8728 2021-08-22 02:12:04,928 INFO konu okundu haluk konu_okuma
9328 8728 2021-08-22 02:12:49,290 INFO konu okundu haluk konu_okuma
9328 8728 2021-08-22 02:12:59,070 INFO konu okundu haluk konu_okuma
2504 4428 2021-08-22 02:13:45,280 INFO konu okundu haluk konu_okuma
2504 4428 2021-08-22 02:13:50,174 INFO konu okundu haluk konu_okuma
5528 8688 2021-08-22 02:17:01,189 INFO konu okundu haluk konu_okuma
5528 8688 2021-08-22 02:19:14,427 INFO konu okundu haluk konu_okuma
5528 8688 2021-08-22 02:19:38,246 INFO konu okundu haluk konu_okuma
5528 8688 2021-08-22 02:20:02,838 INFO konu okundu haluk konu_okuma
5528 8688 2021-08-22 02:20:11,824 INFO konu okundu haluk konu_okuma
5528 8688 2021-08-22 02:21:35,440 INFO konu okundu haluk konu_okuma
5528 8688 2021-08-22 02:21:51,823 INFO konu okundu haluk konu_okuma
5528 9228 2021-08-22 02:22:19,687 INFO konu okundu haluk konu_okuma
5528 9228 2021-08-22 02:22:48,498 INFO konu okundu haluk konu_okuma
3004 1300 2021-08-22 02:26:36,841 INFO konu okundu haluk konu_okuma
5432 14296 2021-08-22 02:27:08,350 INFO konu okundu haluk konu_okuma
5432 14296 2021-08-22 02:27:39,649 INFO konu okundu haluk konu_okuma
4828 8908 2021-08-22 02:28:05,040 INFO konu okundu haluk konu_okuma
4828 8908 2021-08-22 02:29:28,206 INFO konu okundu haluk konu_okuma
4828 8908 2021-08-22 02:29:37,004 INFO konu okundu haluk konu_okuma
13748 10588 2021-08-29 14:36:31,976 INFO konu okundu haluk konu_okuma
13748 10588 2021-08-29 14:36:47,473 INFO konu okundu haluk konu_okuma
13748 10588 2021-08-29 14:37:03,217 INFO konu okundu haluk konu_okuma
13748 10588 2021-08-29 14:37:11,220 INFO konu okundu haluk konu_okuma
13748 10588 2021-08-29 14:40:25,282 INFO konu okundu haluk konu_okuma
13748 10588 2021-08-29 14:40:36,715 INFO konu okundu haluk konu_okuma
13748 10588 2021-08-29 14:41:08,782 INFO konu okundu haluk konu_okuma
13748 10588 2021-08-29 14:41:23,160 INFO konu okundu haluk konu_okuma
13748 10588 2021-08-29 14:41:24,161 INFO konu okundu haluk konu_okuma
13748 10588 2021-08-29 14:41:37,255 INFO konu okundu haluk konu_okuma
13748 10588 2021-08-29 14:42:24,481 INFO konu okundu haluk konu_okuma
13748 10588 2021-08-29 14:42:52,674 INFO konu okundu haluk konu_okuma
13748 10588 2021-08-29 14:46:05,422 INFO konu okundu haluk konu_okuma
13748 10588 2021-08-29 14:46:06,398 INFO konu okundu haluk konu_okuma
13748 10588 2021-08-29 14:46:07,491 INFO konu okundu haluk konu_okuma
13748 10588 2021-08-29 14:46:10,592 INFO konu okundu haluk konu_okuma
13748 10588 2021-08-29 14:46:11,111 INFO konu okundu haluk konu_okuma
13748 10588 2021-08-29 14:46:16,657 INFO konu okundu haluk konu_okuma
13748 10588 2021-08-29 14:46:17,290 INFO konu okundu haluk konu_okuma
13748 10588 2021-08-29 14:46:22,002 INFO konu okundu haluk konu_okuma
13748 10588 2021-08-29 14:47:07,944 INFO konu okundu haluk konu_okuma
13748 10588 2021-08-29 14:47:13,742 INFO konu okundu haluk konu_okuma
13748 10588 2021-08-29 14:47:37,054 INFO konu okundu haluk konu_okuma
13748 10588 2021-08-29 14:47:41,848 INFO konu okundu haluk konu_okuma
13748 10588 2021-08-29 14:50:12,343 INFO konu okundu haluk konu_okuma
11508 16372 2021-08-29 14:51:04,840 INFO konu okundu haluk konu_okuma
11508 16372 2021-08-29 14:51:15,539 INFO konu okundu haluk konu_okuma
11508 16372 2021-08-29 14:51:16,835 INFO konu okundu haluk konu_okuma
14880 16140 2021-08-29 14:52:28,403 INFO konu okundu haluk konu_okuma
14880 16140 2021-08-29 14:52:31,723 INFO konu okundu haluk konu_okuma
14880 16140 2021-08-29 14:52:39,385 INFO konu okundu haluk konu_okuma
5080 9016 2021-08-29 14:57:44,226 INFO konu okundu haluk konu_okuma
5080 9016 2021-08-29 14:57:45,416 INFO konu okundu haluk konu_okuma
5080 9016 2021-08-29 14:58:20,182 INFO konu okundu haluk konu_okuma
5080 9016 2021-08-29 14:58:21,146 INFO konu okundu haluk konu_okuma
5080 9016 2021-08-29 14:58:25,945 INFO konu okundu haluk konu_okuma
5080 9016 2021-08-29 14:58:26,786 INFO konu okundu haluk konu_okuma
5080 9016 2021-08-29 14:58:36,712 INFO konu okundu haluk konu_okuma
5080 9016 2021-08-29 14:58:42,922 INFO konu okundu haluk konu_okuma
5080 9016 2021-08-29 14:58:52,758 INFO konu okundu haluk konu_okuma
5080 9016 2021-08-29 14:59:06,879 INFO konu okundu haluk konu_okuma
5080 9016 2021-08-29 14:59:19,497 INFO konu okundu haluk konu_okuma
5080 9016 2021-08-29 14:59:28,711 INFO konu okundu haluk konu_okuma
5080 9016 2021-08-29 14:59:29,684 INFO konu okundu haluk konu_okuma
5080 9016 2021-08-29 14:59:36,667 INFO konu okundu haluk konu_okuma
5080 9016 2021-08-29 14:59:42,715 INFO konu okundu haluk konu_okuma
5080 9016 2021-08-29 15:00:00,657 INFO konu okundu haluk konu_okuma
5080 9016 2021-08-29 15:00:05,790 INFO konu okundu haluk konu_okuma
5080 9016 2021-08-29 15:00:06,610 INFO konu okundu haluk konu_okuma
5080 9016 2021-08-29 15:00:07,149 INFO konu okundu haluk konu_okuma
5080 9016 2021-08-29 15:00:14,250 INFO konu okundu haluk konu_okuma
5080 9016 2021-08-29 15:00:21,432 INFO konu okundu haluk konu_okuma
5080 9016 2021-08-29 15:00:26,495 INFO konu okundu haluk konu_okuma
5080 9016 2021-08-29 15:00:27,130 INFO konu okundu haluk konu_okuma
5080 9016 2021-08-29 15:00:27,354 INFO konu okundu haluk konu_okuma
5080 9016 2021-08-29 15:00:34,612 INFO konu okundu haluk konu_okuma
5080 9016 2021-08-29 15:00:43,437 INFO konu okundu haluk konu_okuma
5080 9016 2021-08-29 15:00:50,095 INFO konu okundu haluk konu_okuma
5080 9016 2021-08-29 15:00:50,849 INFO konu okundu haluk konu_okuma
5080 9016 2021-08-29 15:01:01,258 INFO konu okundu haluk konu_okuma
5080 9016 2021-08-29 15:01:06,085 INFO konu okundu haluk konu_okuma
5080 9016 2021-08-29 15:01:10,311 INFO konu okundu haluk konu_okuma
5080 9016 2021-08-29 15:01:27,303 INFO konu okundu haluk konu_okuma
5080 9016 2021-08-29 15:01:43,498 INFO konu okundu haluk konu_okuma
5080 9016 2021-08-29 15:01:48,761 INFO konu okundu haluk konu_okuma
5080 9016 2021-08-29 15:02:06,183 INFO konu okundu haluk konu_okuma
5080 9016 2021-08-29 15:02:12,964 INFO konu okundu haluk konu_okuma
5080 9016 2021-08-29 15:02:20,090 INFO konu okundu haluk konu_okuma
5080 9016 2021-08-29 15:02:35,565 INFO konu okundu haluk konu_okuma
6716 3700 2021-08-29 15:02:58,148 INFO konu okundu haluk konu_okuma
6716 3700 2021-08-29 15:03:15,208 INFO konu okundu haluk konu_okuma
6716 3700 2021-08-29 15:03:15,814 INFO konu okundu haluk konu_okuma
6716 3700 2021-08-29 15:03:20,725 INFO konu okundu haluk konu_okuma
6716 3700 2021-08-29 15:03:21,325 INFO konu okundu haluk konu_okuma
7564 1328 2021-08-29 15:05:02,604 INFO konu okundu haluk konu_okuma
14020 11184 2021-08-29 15:05:40,408 INFO konu okundu haluk konu_okuma
2816 9412 2021-08-29 15:05:56,488 INFO konu okundu haluk konu_okuma
2816 9412 2021-08-29 15:06:12,838 INFO konu okundu haluk konu_okuma
2816 9412 2021-08-29 15:06:13,679 INFO konu okundu haluk konu_okuma
2816 9412 2021-08-29 15:06:35,646 INFO konu okundu haluk konu_okuma
2816 9412 2021-08-29 15:06:49,291 INFO konu okundu haluk konu_okuma
2816 9412 2021-08-29 15:06:49,966 INFO konu okundu haluk konu_okuma
2816 9412 2021-08-29 15:06:57,510 INFO konu okundu haluk konu_okuma
2816 9412 2021-08-29 15:07:06,840 INFO konu okundu haluk konu_okuma
2816 9412 2021-08-29 15:07:14,071 INFO konu okundu haluk konu_okuma
2816 9412 2021-08-29 15:07:25,105 INFO konu okundu haluk konu_okuma
2816 9412 2021-08-29 15:07:25,714 INFO konu okundu haluk konu_okuma
2816 9412 2021-08-29 15:07:46,637 INFO konu okundu haluk konu_okuma
2816 9412 2021-08-29 15:07:57,573 INFO konu okundu haluk konu_okuma
2816 9412 2021-08-29 15:08:08,096 INFO konu okundu haluk konu_okuma
2816 9412 2021-08-29 15:08:21,317 INFO konu okundu haluk konu_okuma
2816 9412 2021-08-29 15:08:26,745 INFO konu okundu haluk konu_okuma
2816 9412 2021-08-29 15:08:38,189 INFO konu okundu haluk konu_okuma
2816 9412 2021-08-29 15:08:48,618 INFO konu okundu haluk konu_okuma
2816 9412 2021-08-29 15:08:49,160 INFO konu okundu haluk konu_okuma
2816 9412 2021-08-29 15:08:54,477 INFO konu okundu haluk konu_okuma
2816 9412 2021-08-29 15:08:55,075 INFO konu okundu haluk konu_okuma
2816 9412 2021-08-29 15:09:11,546 INFO konu okundu haluk konu_okuma
2816 9412 2021-08-29 15:09:29,690 INFO konu okundu haluk konu_okuma
2816 9412 2021-08-29 15:09:30,412 INFO konu okundu haluk konu_okuma
2816 9412 2021-08-29 15:09:43,689 INFO konu okundu haluk konu_okuma
2816 9412 2021-08-29 15:09:48,896 INFO konu okundu haluk konu_okuma
2816 9412 2021-08-29 15:09:53,048 INFO konu okundu haluk konu_okuma
2816 9412 2021-08-29 15:09:55,024 INFO konu okundu haluk konu_okuma
2816 9412 2021-08-29 15:09:56,497 INFO konu okundu haluk konu_okuma
2816 9412 2021-08-29 15:10:09,417 INFO konu okundu haluk konu_okuma
2816 9412 2021-08-29 15:10:10,064 INFO konu okundu haluk konu_okuma
2816 9412 2021-08-29 15:10:10,494 INFO konu okundu haluk konu_okuma
2816 9412 2021-08-29 15:10:17,561 INFO konu okundu haluk konu_okuma
2816 9412 2021-08-29 15:10:24,597 INFO konu okundu haluk konu_okuma
2816 9412 2021-08-29 15:10:34,663 INFO konu okundu haluk konu_okuma
2816 9412 2021-08-29 15:10:42,426 INFO konu okundu haluk konu_okuma
2816 9412 2021-08-29 15:10:48,818 INFO konu okundu haluk konu_okuma
2816 9412 2021-08-29 15:10:54,093 INFO konu okundu haluk konu_okuma
2816 9412 2021-08-29 15:12:03,732 INFO konu okundu haluk konu_okuma
2816 9412 2021-08-29 15:12:15,057 INFO konu okundu haluk konu_okuma
2816 9412 2021-08-29 15:12:16,094 INFO konu okundu haluk konu_okuma
2816 9412 2021-08-29 15:12:20,203 INFO konu okundu haluk konu_okuma
2816 9412 2021-08-29 15:13:14,265 INFO konu okundu haluk konu_okuma
2816 9412 2021-08-29 15:13:22,896 INFO konu okundu haluk konu_okuma
2816 9412 2021-08-29 15:13:39,178 INFO konu okundu haluk konu_okuma
2816 9412 2021-08-29 15:14:27,360 INFO konu okundu haluk konu_okuma
2816 9412 2021-08-29 15:15:01,290 INFO konu okundu haluk konu_okuma
2816 9412 2021-08-29 15:15:36,504 INFO konu okundu haluk konu_okuma
2816 9412 2021-08-29 15:15:53,333 INFO konu okundu haluk konu_okuma
1580 9276 2021-08-29 15:19:47,413 INFO konu okundu haluk konu_okuma
1580 9276 2021-08-29 15:20:22,206 INFO konu okundu haluk konu_okuma
1580 9276 2021-08-29 15:20:52,995 INFO konu okundu haluk konu_okuma
1580 9276 2021-08-29 15:21:34,967 INFO konu okundu haluk konu_okuma
1580 9276 2021-08-29 15:21:44,593 INFO konu okundu haluk konu_okuma
1580 9276 2021-08-29 15:22:01,370 INFO konu okundu haluk konu_okuma
1580 9276 2021-08-29 15:22:02,096 INFO konu okundu haluk konu_okuma
1580 9276 2021-08-29 15:22:22,880 INFO konu okundu haluk konu_okuma
1580 9276 2021-08-29 15:22:28,856 INFO konu okundu haluk konu_okuma
1580 9276 2021-08-29 15:22:35,504 INFO konu okundu haluk konu_okuma
1580 9276 2021-08-29 15:22:36,020 INFO konu okundu haluk konu_okuma
1580 9276 2021-08-29 15:22:56,131 INFO konu okundu haluk konu_okuma
1580 9276 2021-08-29 15:23:11,030 INFO konu okundu haluk konu_okuma
1580 9276 2021-08-29 15:23:22,138 INFO konu okundu haluk konu_okuma
1580 9276 2021-08-29 15:23:23,042 INFO konu okundu haluk konu_okuma
1580 9276 2021-08-29 15:23:23,743 INFO konu okundu haluk konu_okuma
1580 9276 2021-08-29 15:23:27,707 INFO konu okundu haluk konu_okuma
1580 9276 2021-08-29 15:23:36,921 INFO konu okundu haluk konu_okuma
1580 9276 2021-08-29 15:23:53,157 INFO konu okundu haluk konu_okuma
1580 9276 2021-08-29 15:23:53,924 INFO konu okundu haluk konu_okuma
1580 9276 2021-08-29 15:23:54,516 INFO konu okundu haluk konu_okuma
1580 9276 2021-08-29 15:23:59,309 INFO konu okundu haluk konu_okuma
1580 9276 2021-08-29 15:23:59,879 INFO konu okundu haluk konu_okuma
1580 9276 2021-08-29 15:24:03,392 INFO konu okundu haluk konu_okuma
1580 9276 2021-08-29 15:24:08,591 INFO konu okundu haluk konu_okuma
1580 9276 2021-08-29 15:24:22,731 INFO konu okundu haluk konu_okuma
1580 9276 2021-08-29 15:24:49,461 INFO konu okundu haluk konu_okuma
1580 9276 2021-08-29 15:24:57,487 INFO konu okundu haluk konu_okuma
1580 9276 2021-08-29 15:25:07,004 INFO konu okundu haluk konu_okuma
1580 9276 2021-08-29 15:25:11,791 INFO konu okundu haluk konu_okuma
6436 14536 2021-08-29 15:26:45,508 INFO konu okundu haluk konu_okuma
6436 14536 2021-08-29 15:26:47,419 INFO konu okundu haluk konu_okuma
6436 14536 2021-08-29 15:27:35,087 INFO konu okundu haluk konu_okuma
6436 14536 2021-08-29 15:27:36,062 INFO konu okundu haluk konu_okuma
6436 14536 2021-08-29 15:27:36,781 INFO konu okundu haluk konu_okuma
6436 14536 2021-08-29 15:27:37,369 INFO konu okundu haluk konu_okuma
6436 14536 2021-08-29 15:27:47,973 INFO konu okundu haluk konu_okuma
6436 14536 2021-08-29 15:27:59,904 INFO konu okundu haluk konu_okuma
11428 10496 2021-08-29 15:34:59,636 INFO konu okundu haluk konu_okuma
4208 11648 2021-08-29 15:36:12,595 INFO konu okundu haluk konu_okuma
10412 4016 2021-08-29 15:36:28,227 INFO konu okundu haluk konu_okuma
16328 11932 2021-08-29 15:37:47,206 INFO konu okundu haluk konu_okuma
7948 14888 2021-08-29 15:37:56,072 INFO konu okundu haluk konu_okuma
7948 14888 2021-08-29 15:38:19,913 INFO konu okundu haluk konu_okuma
7948 14888 2021-08-29 15:38:21,076 INFO konu okundu haluk konu_okuma
7948 14888 2021-08-29 15:38:32,080 INFO konu okundu haluk konu_okuma
7948 14888 2021-08-29 15:38:54,914 INFO konu okundu haluk konu_okuma
7948 14888 2021-08-29 15:39:00,974 INFO konu okundu haluk konu_okuma
7948 14888 2021-08-29 15:39:04,559 INFO konu okundu haluk konu_okuma
7948 14888 2021-08-29 15:39:14,757 INFO konu okundu haluk konu_okuma
7948 14888 2021-08-29 15:39:18,632 INFO konu okundu haluk konu_okuma
7948 14888 2021-08-29 15:39:46,101 INFO konu okundu haluk konu_okuma
3856 12892 2021-08-29 15:39:47,616 INFO konu okundu haluk konu_okuma
3856 12892 2021-08-29 15:42:17,268 INFO konu okundu haluk konu_okuma
3136 4500 2021-08-29 15:42:30,894 INFO konu okundu haluk konu_okuma
10204 10092 2021-08-29 15:42:36,233 INFO konu okundu haluk konu_okuma
10204 10092 2021-08-29 15:42:36,985 INFO konu okundu haluk konu_okuma
14504 13628 2021-08-29 15:45:59,567 INFO konu okundu haluk konu_okuma
14504 13628 2021-08-29 15:46:19,472 INFO konu okundu haluk konu_okuma
2180 6568 2021-08-29 15:46:21,224 INFO konu okundu haluk konu_okuma
2180 6568 2021-08-29 15:46:22,444 INFO konu okundu haluk konu_okuma
10292 9272 2021-08-29 15:47:25,610 INFO konu okundu haluk konu_okuma
10292 9272 2021-08-29 15:48:13,361 INFO konu okundu haluk konu_okuma
10292 9272 2021-08-29 15:48:14,643 INFO konu okundu haluk konu_okuma
10292 9272 2021-08-29 15:48:15,361 INFO konu okundu haluk konu_okuma
6388 11984 2021-08-29 15:56:23,985 INFO konu okundu haluk konu_okuma
6388 11984 2021-08-29 15:56:25,003 INFO konu okundu haluk konu_okuma
6388 11984 2021-08-29 15:56:25,923 INFO konu okundu haluk konu_okuma
6388 11984 2021-08-29 15:56:27,077 INFO konu okundu haluk konu_okuma
6388 11984 2021-08-29 15:56:27,825 INFO konu okundu haluk konu_okuma
11416 16176 2021-08-29 15:59:04,147 INFO konu okundu haluk konu_okuma
11416 16176 2021-08-29 15:59:06,712 INFO konu okundu haluk konu_okuma
11416 16176 2021-08-29 15:59:07,415 INFO konu okundu haluk konu_okuma
11416 16176 2021-08-29 16:00:39,148 INFO konu okundu haluk konu_okuma
11416 16176 2021-08-29 16:00:40,043 INFO konu okundu haluk konu_okuma
11416 16176 2021-08-29 16:00:48,661 INFO konu okundu haluk konu_okuma
11416 16176 2021-08-29 16:01:03,913 INFO konu okundu haluk konu_okuma
11416 16176 2021-08-29 16:01:15,484 INFO konu okundu haluk konu_okuma
11416 16176 2021-08-29 16:01:16,205 INFO konu okundu haluk konu_okuma
11416 16176 2021-08-29 16:01:22,700 INFO konu okundu haluk konu_okuma
11416 16176 2021-08-29 16:01:23,252 INFO konu okundu haluk konu_okuma
11416 16176 2021-08-29 16:01:30,382 INFO konu okundu haluk konu_okuma
11416 16176 2021-08-29 16:01:58,614 INFO konu okundu haluk konu_okuma
12700 3060 2021-08-29 16:03:20,932 INFO konu okundu haluk konu_okuma
12700 3060 2021-08-29 16:03:21,921 INFO konu okundu haluk konu_okuma
12700 3060 2021-08-29 16:03:22,514 INFO konu okundu haluk konu_okuma
12700 3060 2021-08-29 16:03:23,408 INFO konu okundu haluk konu_okuma
12700 3060 2021-08-29 16:03:41,238 INFO konu okundu haluk konu_okuma
12700 3060 2021-08-29 16:03:58,221 INFO konu okundu haluk konu_okuma
12700 3060 2021-08-29 16:03:58,795 INFO konu okundu haluk konu_okuma
12700 3060 2021-08-29 16:04:04,787 INFO konu okundu haluk konu_okuma
12700 3060 2021-08-29 16:04:24,259 INFO konu okundu haluk konu_okuma
12700 3060 2021-08-29 16:04:34,613 INFO konu okundu haluk konu_okuma
12700 3060 2021-08-29 16:04:43,775 INFO konu okundu haluk konu_okuma
12700 3060 2021-08-29 16:04:52,195 INFO konu okundu haluk konu_okuma
12700 3060 2021-08-29 16:05:17,748 INFO konu okundu haluk konu_okuma
14280 10300 2021-08-29 16:07:08,079 INFO konu okundu haluk konu_okuma
14280 10300 2021-08-29 16:07:08,814 INFO konu okundu haluk konu_okuma
14280 10300 2021-08-29 16:07:25,182 INFO konu okundu haluk konu_okuma
14280 10300 2021-08-29 16:07:26,043 INFO konu okundu haluk konu_okuma
13932 7000 2021-08-29 16:10:46,830 INFO konu okundu haluk konu_okuma
13932 7000 2021-08-29 16:10:47,894 INFO konu okundu haluk konu_okuma
5032 15508 2021-08-29 16:11:12,867 INFO konu okundu haluk konu_okuma
5032 15508 2021-08-29 16:13:22,635 INFO konu okundu haluk konu_okuma
5032 15508 2021-08-29 16:13:34,312 INFO konu okundu haluk konu_okuma
5032 15508 2021-08-29 16:13:35,565 INFO konu okundu haluk konu_okuma
5032 15508 2021-08-29 16:13:36,243 INFO konu okundu haluk konu_okuma
5032 15508 2021-08-29 16:13:36,704 INFO konu okundu haluk konu_okuma
5032 15508 2021-08-29 16:13:47,982 INFO konu okundu haluk konu_okuma
5032 15508 2021-08-29 16:13:48,688 INFO konu okundu haluk konu_okuma
5032 15508 2021-08-29 16:13:50,385 INFO konu okundu haluk konu_okuma
5032 15508 2021-08-29 16:14:07,757 INFO konu okundu haluk konu_okuma
5032 15508 2021-08-29 16:14:17,405 INFO konu okundu haluk konu_okuma
5032 15508 2021-08-29 16:14:30,270 INFO konu okundu haluk konu_okuma
5032 15508 2021-08-29 16:14:31,212 INFO konu okundu haluk konu_okuma
5032 15508 2021-08-29 16:15:10,332 INFO konu okundu haluk konu_okuma
5032 15508 2021-08-29 16:15:50,674 INFO konu okundu haluk konu_okuma
152 3484 2021-08-29 16:22:38,664 INFO konu okundu haluk konu_okuma
152 3484 2021-08-29 16:23:04,052 INFO konu okundu haluk konu_okuma
152 3484 2021-08-29 16:23:18,144 INFO konu okundu haluk konu_okuma
152 3484 2021-08-29 16:23:19,591 INFO konu okundu haluk konu_okuma
152 3484 2021-08-29 16:23:22,085 INFO konu okundu haluk konu_okuma
12500 1896 2021-08-29 16:23:51,428 INFO konu okundu haluk konu_okuma
12500 1896 2021-08-29 16:23:52,354 INFO konu okundu haluk konu_okuma
12500 1896 2021-08-29 16:23:53,147 INFO konu okundu haluk konu_okuma
12740 11656 2021-08-29 16:24:35,521 INFO konu okundu haluk konu_okuma
12740 11656 2021-08-29 16:24:36,259 INFO konu okundu haluk konu_okuma
12740 11656 2021-08-29 16:24:54,859 INFO konu okundu haluk konu_okuma
12740 11656 2021-08-29 16:24:55,364 INFO konu okundu haluk konu_okuma
12740 11656 2021-08-29 16:24:55,763 INFO konu okundu haluk konu_okuma
12888 10836 2021-08-29 16:25:24,486 INFO konu okundu haluk konu_okuma
12888 10836 2021-08-29 16:25:25,231 INFO konu okundu haluk konu_okuma
9172 16324 2021-08-29 16:25:49,030 INFO konu okundu haluk konu_okuma
9172 1692 2021-08-29 16:25:49,679 INFO konu okundu haluk konu_okuma
14304 2428 2021-08-29 16:26:20,759 INFO konu okundu haluk konu_okuma
14304 2428 2021-08-29 16:26:31,714 INFO konu okundu haluk konu_okuma
7712 5788 2021-09-08 23:02:18,662 INFO konu okundu haluk konu_okuma
7712 6132 2021-09-08 23:02:21,158 INFO konu okundu haluk konu_okuma
7712 11340 2021-09-08 23:02:29,743 INFO konu okundu haluk konu_okuma
7712 10144 2021-09-08 23:03:05,837 INFO konu okundu haluk konu_okuma
7712 10144 2021-09-08 23:04:31,355 INFO konu okundu haluk konu_okuma
7712 6132 2021-09-08 23:06:09,344 INFO konu okundu haluk konu_okuma
5212 10912 2021-09-08 23:09:10,922 INFO konu okundu haluk konu_okuma
5212 11076 2021-09-08 23:09:26,388 INFO konu okundu haluk konu_okuma
5212 10372 2021-09-08 23:09:38,701 INFO konu okundu haluk konu_okuma
5212 2348 2021-09-08 23:09:39,609 INFO konu okundu haluk konu_okuma
5212 6352 2021-09-08 23:14:49,769 INFO konu okundu haluk konu_okuma
10128 316 2021-09-09 00:02:31,642 INFO konu okundu haluk konu_okuma
10128 316 2021-09-09 00:02:33,423 INFO konu okundu haluk konu_okuma
10128 316 2021-09-09 00:02:35,980 INFO konu okundu haluk konu_okuma
10128 316 2021-09-09 00:02:37,988 INFO konu okundu haluk konu_okuma
10128 316 2021-09-09 00:02:39,492 INFO konu okundu haluk konu_okuma
101569 140081176180288 2022-01-04 00:25:57,784 INFO konu okundu haluk konu_okuma
101569 140081176180288 2022-01-04 00:25:59,739 INFO konu okundu haluk konu_okuma
101569 140081176180288 2022-01-04 00:26:02,078 INFO konu okundu haluk konu_okuma
101569 140081176180288 2022-01-04 00:26:52,958 INFO konu okundu haluk konu_okuma
101569 140081176180288 2022-01-04 00:27:03,281 INFO konu okundu haluk konu_okuma
24107 140511232828992 2022-01-25 12:33:44,555 INFO konu okundu haluk konu_okuma
24107 140511232828992 2022-01-25 12:35:33,791 INFO konu okundu haluk konu_okuma
24107 140511222339136 2022-01-25 12:36:30,734 INFO konu okundu haluk konu_okuma
24107 140511222339136 2022-01-25 12:38:38,517 INFO konu okundu haluk konu_okuma
24107 140511222339136 2022-01-25 12:39:34,619 INFO konu okundu haluk konu_okuma
24107 140511222339136 2022-01-25 12:40:07,585 INFO konu okundu haluk konu_okuma
24107 140511222339136 2022-01-25 12:40:44,258 INFO konu okundu haluk konu_okuma
24107 140511222339136 2022-01-25 12:40:55,558 INFO konu okundu haluk konu_okuma
25259 140014761104960 2022-01-25 12:58:42,738 INFO konu okundu haluk konu_okuma
25259 140014761104960 2022-01-25 12:59:06,051 INFO konu okundu haluk konu_okuma
25259 140014761104960 2022-01-25 13:02:06,398 INFO konu okundu haluk konu_okuma
25259 140014734878272 2022-01-25 13:02:06,455 INFO konu okundu haluk konu_okuma
25259 140014734878272 2022-01-25 13:02:10,615 INFO konu okundu haluk konu_okuma
25259 140014734878272 2022-01-25 13:02:22,325 INFO konu okundu haluk konu_okuma
25259 140014734878272 2022-01-25 13:04:40,682 INFO konu okundu haluk konu_okuma
25259 140014761104960 2022-01-25 13:04:59,274 INFO konu okundu haluk konu_okuma
25259 140014761104960 2022-01-25 13:05:03,810 INFO konu okundu haluk konu_okuma
25259 140014761104960 2022-01-25 13:05:14,475 INFO konu okundu haluk konu_okuma
25259 140014761104960 2022-01-25 13:05:50,851 INFO konu okundu haluk konu_okuma
25259 140014761104960 2022-01-25 13:06:58,780 INFO konu okundu haluk konu_okuma
25259 140014761104960 2022-01-25 13:07:54,294 INFO konu okundu haluk konu_okuma
25259 140014761104960 2022-01-25 13:08:49,958 INFO konu okundu haluk konu_okuma
25259 140014761104960 2022-01-25 13:08:56,641 INFO konu okundu haluk konu_okuma
25259 140014761104960 2022-01-25 13:10:01,967 INFO konu okundu haluk konu_okuma
64326 140062335321664 2022-03-10 00:42:30,515 INFO konu okundu haluk konu_okuma
64326 140062335321664 2022-03-10 00:43:00,347 INFO konu okundu haluk konu_okuma
64326 140062335321664 2022-03-10 00:43:10,661 INFO konu okundu haluk konu_okuma
64326 140062335321664 2022-03-10 00:44:02,877 INFO konu okundu haluk konu_okuma
64326 140062335321664 2022-03-10 00:44:05,856 INFO konu okundu haluk konu_okuma
64326 140062335321664 2022-03-10 00:44:12,447 INFO konu okundu haluk konu_okuma
64326 140062335321664 2022-03-10 00:44:18,782 INFO konu okundu haluk konu_okuma
64326 140062335321664 2022-03-10 00:45:07,033 INFO konu okundu haluk konu_okuma
